<?xml version="1.0" encoding="UTF-8"?>
<!-- Generated by org.testng.reporters.JUnitReportReporter -->
<testsuite hostname="Chandramohan-PC" failures="0" tests="5" name="com.pvr.qa.testcases.UpComingFilmsTest" time="23.116" errors="0" timestamp="2024-12-16T15:47:24 IST" skipped="0">
  <testcase classname="com.pvr.qa.testcases.UpComingFilmsTest" name="CheckUpComingDisplayTest" time="4.383"/>
  <testcase classname="com.pvr.qa.testcases.UpComingFilmsTest" name="countUpComingMoviesTest" time="4.512"/>
  <testcase classname="com.pvr.qa.testcases.UpComingFilmsTest" name="upComingMovieDatesTest" time="4.779"/>
  <testcase classname="com.pvr.qa.testcases.UpComingFilmsTest" name="checkSeeAllButtonTest" time="4.622"/>
  <testcase classname="com.pvr.qa.testcases.UpComingFilmsTest" name="checkAddToWishesTest" time="4.820"/>
</testsuite> <!-- com.pvr.qa.testcases.UpComingFilmsTest -->
